  compilation header save succeeded; see C:\Users\gillj\Desktop\PPIV\PPIV_Repo\Gateware\D3D11_Template_Gateware_v5d\D3D11_Template_Gateware\VertexShader_PPIV.csh
  compilation object save succeeded; see C:\Users\gillj\Desktop\PPIV\PPIV_Repo\Gateware\D3D11_Template_Gateware_v5d\x64\Debug\VertexShader_PPIV.cso
  GAudio.cpp
c:\users\gillj\desktop\ppiv\ppiv_repo\gateware\d3d11_template_gateware_v5d\d3d11_template_gateware\gateware redistribution r5d\source\g_audio\gaudiowin.hpp(2): warning C4067: unexpected tokens following preprocessor directive - expected a newline
c:\users\gillj\desktop\ppiv\ppiv_repo\gateware\d3d11_template_gateware_v5d\d3d11_template_gateware\gateware redistribution r5d\source\g_audio\gaudiowin.hpp(765): warning C4101: 'e': unreferenced local variable
c:\users\gillj\desktop\ppiv\ppiv_repo\gateware\d3d11_template_gateware_v5d\d3d11_template_gateware\gateware redistribution r5d\source\g_audio\gaudiowin.hpp(839): warning C4101: 'e': unreferenced local variable
c:\users\gillj\desktop\ppiv\ppiv_repo\gateware\d3d11_template_gateware_v5d\d3d11_template_gateware\gateware redistribution r5d\source\g_audio\gaudiowin.hpp(1152): warning C4101: 'e': unreferenced local variable
c:\users\gillj\desktop\ppiv\ppiv_repo\gateware\d3d11_template_gateware_v5d\d3d11_template_gateware\gateware redistribution r5d\source\g_audio\gaudiowin.hpp(1227): warning C4101: 'e': unreferenced local variable
  GDirectX11Surface.cpp
c:\users\gillj\desktop\ppiv\ppiv_repo\gateware\d3d11_template_gateware_v5d\d3d11_template_gateware\gateware redistribution r5d\source\g_graphics\gdirectx11surface.cpp(214): warning C4244: '=': conversion from 'unsigned int' to 'FLOAT', possible loss of data
c:\users\gillj\desktop\ppiv\ppiv_repo\gateware\d3d11_template_gateware_v5d\d3d11_template_gateware\gateware redistribution r5d\source\g_graphics\gdirectx11surface.cpp(215): warning C4244: '=': conversion from 'unsigned int' to 'FLOAT', possible loss of data
c:\users\gillj\desktop\ppiv\ppiv_repo\gateware\d3d11_template_gateware_v5d\d3d11_template_gateware\gateware redistribution r5d\source\g_graphics\gdirectx11surface.cpp(426): warning C4244: '=': conversion from 'unsigned int' to 'FLOAT', possible loss of data
c:\users\gillj\desktop\ppiv\ppiv_repo\gateware\d3d11_template_gateware_v5d\d3d11_template_gateware\gateware redistribution r5d\source\g_graphics\gdirectx11surface.cpp(427): warning C4244: '=': conversion from 'unsigned int' to 'FLOAT', possible loss of data
  GOpenGLSurface.cpp
  GMatrix.cpp
  GQuaternion.cpp
  GVector.cpp
  GBI_Callback.cpp
  GBufferedInput.cpp
  GFile.cpp
  GInput.cpp
c:\users\gillj\desktop\ppiv\ppiv_repo\gateware\d3d11_template_gateware_v5d\d3d11_template_gateware\gateware redistribution r5d\source\g_system\gi_callback.cpp(163): warning C4244: '=': conversion from 'float' to 'int', possible loss of data
c:\users\gillj\desktop\ppiv\ppiv_repo\gateware\d3d11_template_gateware_v5d\d3d11_template_gateware\gateware redistribution r5d\source\g_system\gi_callback.cpp(164): warning C4244: '=': conversion from 'float' to 'int', possible loss of data
c:\users\gillj\desktop\ppiv\ppiv_repo\gateware\d3d11_template_gateware_v5d\d3d11_template_gateware\gateware redistribution r5d\source\g_system\ginput.cpp(356): warning C4244: '=': conversion from 'int' to 'float', possible loss of data
c:\users\gillj\desktop\ppiv\ppiv_repo\gateware\d3d11_template_gateware_v5d\d3d11_template_gateware\gateware redistribution r5d\source\g_system\ginput.cpp(357): warning C4244: '=': conversion from 'int' to 'float', possible loss of data
c:\users\gillj\desktop\ppiv\ppiv_repo\gateware\d3d11_template_gateware_v5d\d3d11_template_gateware\gateware redistribution r5d\source\g_system\ginput.cpp(369): warning C4244: '=': conversion from 'int' to 'float', possible loss of data
c:\users\gillj\desktop\ppiv\ppiv_repo\gateware\d3d11_template_gateware_v5d\d3d11_template_gateware\gateware redistribution r5d\source\g_system\ginput.cpp(370): warning C4244: '=': conversion from 'int' to 'float', possible loss of data
  GI_Callback.cpp
c:\users\gillj\desktop\ppiv\ppiv_repo\gateware\d3d11_template_gateware_v5d\d3d11_template_gateware\gateware redistribution r5d\source\g_system\gi_callback.cpp(163): warning C4244: '=': conversion from 'float' to 'int', possible loss of data
c:\users\gillj\desktop\ppiv\ppiv_repo\gateware\d3d11_template_gateware_v5d\d3d11_template_gateware\gateware redistribution r5d\source\g_system\gi_callback.cpp(164): warning C4244: '=': conversion from 'float' to 'int', possible loss of data
  GI_Static.cpp
  GLog.cpp
  GWindow.cpp
  main.cpp
c:\users\gillj\desktop\ppiv\ppiv_repo\gateware\d3d11_template_gateware_v5d\d3d11_template_gateware\mathfunctions.h(17): warning C4244: 'return': conversion from 'float' to 'unsigned int', possible loss of data
c:\users\gillj\desktop\ppiv\ppiv_repo\gateware\d3d11_template_gateware_v5d\d3d11_template_gateware\mathfunctions.h(90): warning C4244: 'initializing': conversion from 'double' to 'float', possible loss of data
c:\users\gillj\desktop\ppiv\ppiv_repo\gateware\d3d11_template_gateware_v5d\d3d11_template_gateware\letsdrawsomestuff.h(106): error C3861: 'GetVertexUV': identifier not found
c:\users\gillj\desktop\ppiv\ppiv_repo\gateware\d3d11_template_gateware_v5d\d3d11_template_gateware\letsdrawsomestuff.h(314): error C2065: 'tri': undeclared identifier
  Generating Code...
c:\users\gillj\desktop\ppiv\ppiv_repo\gateware\d3d11_template_gateware_v5d\d3d11_template_gateware\gateware redistribution r5d\source\g_audio\gaudiowin.hpp(1425): warning C4715: 'WindowAppMusic::Stream': not all control paths return a value
